c:\users\user\source\repos\clanguageclass_gnu\clanguag.0e607032\x64\debug\vc143.pdb
c:\users\user\source\repos\clanguageclass_gnu\clanguag.0e607032\x64\debug\vc143.idb
c:\users\user\source\repos\clanguageclass_gnu\clanguag.0e607032\x64\debug\9.obj
c:\users\user\source\repos\clanguageclass_gnu\x64\debug\clanguageclass_gnu.exe
c:\users\user\source\repos\clanguageclass_gnu\x64\debug\clanguageclass_gnu.pdb
c:\users\user\source\repos\clanguageclass_gnu\clanguag.0e607032\x64\debug\clanguageclass_gnu.ilk
c:\users\user\source\repos\clanguageclass_gnu\clanguag.0e607032\x64\debug\1.obj
c:\users\user\source\repos\clanguageclass_gnu\clanguag.0e607032\x64\debug\2.obj
c:\users\user\source\repos\clanguageclass_gnu\clanguag.0e607032\x64\debug\3.obj
c:\users\user\source\repos\clanguageclass_gnu\clanguag.0e607032\x64\debug\4.obj
c:\users\user\source\repos\clanguageclass_gnu\clanguag.0e607032\x64\debug\5.obj
c:\users\user\source\repos\clanguageclass_gnu\clanguag.0e607032\x64\debug\6.obj
c:\users\user\source\repos\clanguageclass_gnu\clanguag.0e607032\x64\debug\7.obj
c:\users\user\source\repos\clanguageclass_gnu\clanguag.0e607032\x64\debug\8.obj
c:\users\user\source\repos\clanguageclass_gnu\clanguag.0e607032\x64\debug\clanguag.0e607032.tlog\cl.command.1.tlog
c:\users\user\source\repos\clanguageclass_gnu\clanguag.0e607032\x64\debug\clanguag.0e607032.tlog\cl.items.tlog
c:\users\user\source\repos\clanguageclass_gnu\clanguag.0e607032\x64\debug\clanguag.0e607032.tlog\cl.read.1.tlog
c:\users\user\source\repos\clanguageclass_gnu\clanguag.0e607032\x64\debug\clanguag.0e607032.tlog\cl.write.1.tlog
c:\users\user\source\repos\clanguageclass_gnu\clanguag.0e607032\x64\debug\clanguag.0e607032.tlog\link.command.1.tlog
c:\users\user\source\repos\clanguageclass_gnu\clanguag.0e607032\x64\debug\clanguag.0e607032.tlog\link.read.1.tlog
c:\users\user\source\repos\clanguageclass_gnu\clanguag.0e607032\x64\debug\clanguag.0e607032.tlog\link.secondary.1.tlog
c:\users\user\source\repos\clanguageclass_gnu\clanguag.0e607032\x64\debug\clanguag.0e607032.tlog\link.write.1.tlog
